
<?xml version='1.0'?>

<!-- This file was generated by SnoopyPro -->

<snoopyprolog>
    
<urb sequence="1">
        
<function>GET_DESCRIPTOR_FROM_DEVICE</function>
        
<timestamp>171</timestamp>
        
<endpoint>-1</endpoint>
    
</urb>
    
<urb sequence="1">
        
<function>CONTROL_TRANSFER</function>
        
<timestamp>171</timestamp>
        
<endpoint>-1</endpoint>
        
<packetcount>1</packetcount>
        
<payload packet="0">
            
<payloadcount>18</payloadcount>
            
<payloadbytes>1201000200000008d8043300020001020302</payloadbytes>
        
</payload>
    
</urb>
    
<urb sequence="2">
        
<function>GET_DESCRIPTOR_FROM_DEVICE</function>
        
<timestamp>171</timestamp>
        
<endpoint>-1</endpoint>
    
</urb>
    
<urb sequence="2">
        
<function>CONTROL_TRANSFER</function>
        
<timestamp>171</timestamp>
        
<endpoint>-1</endpoint>
        
<packetcount>1</packetcount>
        
<payload packet="0">
            
<payloadcount>9</payloadcount>
            
<payloadbytes>090229000101028032</payloadbytes>
        
</payload>
    
</urb>
    
<urb sequence="3">
        
<function>GET_DESCRIPTOR_FROM_DEVICE</function>
        
<timestamp>171</timestamp>
        
<endpoint>-1</endpoint>
    
</urb>
    
<urb sequence="3">
        
<function>CONTROL_TRANSFER</function>
        
<timestamp>187</timestamp>
        
<endpoint>-1</endpoint>
        
<packetcount>1</packetcount>
        
<payload packet="0">
            
<payloadcount>41</payloadcount>
            
<payloadbytes>090229000101028032090400000203000000092101000001221d000705810340000107050103400001</payloadbytes>
        
</payload>
    
</urb>
    
<urb sequence="4">
        
<function>SELECT_CONFIGURATION</function>
        
<timestamp>187</timestamp>
        
<endpoint>-1</endpoint>
    
</urb>
    
<urb sequence="4">
        
<function>SELECT_CONFIGURATION</function>
        
<timestamp>203</timestamp>
        
<endpoint>-1</endpoint>
    
</urb>
    
<urb sequence="5">
        
<function>CLASS_INTERFACE</function>
        
<timestamp>203</timestamp>
        
<endpoint>0</endpoint>
    
</urb>
    
<urb sequence="5">
        
<function>CONTROL_TRANSFER</function>
        
<timestamp>203</timestamp>
        
<endpoint>-1</endpoint>
    
</urb>
    
<urb sequence="6">
        
<function>GET_DESCRIPTOR_FROM_INTERFACE</function>
        
<timestamp>203</timestamp>
        
<endpoint>-1</endpoint>
    
</urb>
    
<urb sequence="6">
        
<function>CONTROL_TRANSFER</function>
        
<timestamp>203</timestamp>
        
<endpoint>-1</endpoint>
        
<packetcount>1</packetcount>
        
<payload packet="0">
            
<payloadcount>29</payloadcount>
            
<payloadbytes>0600ff0901a10119012940150026ff00750895408102190129409102c0</payloadbytes>
        
</payload>
    
</urb>
    
<urb sequence="7">
        
<function>BULK_OR_INTERRUPT_TRANSFER</function>
        
<timestamp>218</timestamp>
        
<endpoint>129</endpoint>
        
<packetcount>1</packetcount>
        
<payload packet="0">
            
<payloadcount>64</payloadcount>
            
<payloadbytes></payloadbytes>
        
</payload>
    
</urb>
    
<urb sequence="8">
        
<function>BULK_OR_INTERRUPT_TRANSFER</function>
        
<timestamp>218</timestamp>
        
<endpoint>129</endpoint>
        
<packetcount>1</packetcount>
        
<payload packet="0">
            
<payloadcount>64</payloadcount>
            
<payloadbytes></payloadbytes>
        
</payload>
    
</urb>
    
<urb sequence="9">
        
<function>GET_DESCRIPTOR_FROM_DEVICE</function>
        
<timestamp>9381</timestamp>
        
<endpoint>-1</endpoint>
    
</urb>
    
<urb sequence="9">
        
<function>CONTROL_TRANSFER</function>
        
<timestamp>9381</timestamp>
        
<endpoint>-1</endpoint>
        
<packetcount>1</packetcount>
        
<payload packet="0">
            
<payloadcount>4</payloadcount>
            
<payloadbytes>04030904</payloadbytes>
        
</payload>
    
</urb>
    
<urb sequence="10">
        
<function>BULK_OR_INTERRUPT_TRANSFER</function>
        
<timestamp>9397</timestamp>
        
<endpoint>1</endpoint>
        
<packetcount>1</packetcount>
        
<payload packet="0">
            
<payloadcount>64</payloadcount>
            
<payloadbytes>76adadadadadadadadadadadadadadadadadadadadadadadadadadadadadadadadadadadadadadadadadadadadadadadadadadadadadadadadadadadadadadad</payloadbytes>
        
</payload>
    
</urb>
    
<urb sequence="10">
        
<function>BULK_OR_INTERRUPT_TRANSFER</function>
        
<timestamp>9397</timestamp>
        
<endpoint>1</endpoint>
        
<packetcount>1</packetcount>
        
<payload packet="0">
            
<payloadcount>64</payloadcount>
            
<payloadbytes></payloadbytes>
        
</payload>
    
</urb>
    
<urb sequence="7">
        
<function>BULK_OR_INTERRUPT_TRANSFER</function>
        
<timestamp>9397</timestamp>
        
<endpoint>129</endpoint>
        
<packetcount>1</packetcount>
        
<payload packet="0">
            
<payloadcount>64</payloadcount>
            
<payloadbytes>022000fffefffefffefffefffefffefffefffefffefffefffefffefffefffefffefffefffefffefffefffefffefffefffefffefffefffefffefffefffefffeff</payloadbytes>
        
</payload>
    
</urb>
    
<urb sequence="11">
        
<function>BULK_OR_INTERRUPT_TRANSFER</function>
        
<timestamp>9397</timestamp>
        
<endpoint>129</endpoint>
        
<packetcount>1</packetcount>
        
<payload packet="0">
            
<payloadcount>64</payloadcount>
            
<payloadbytes></payloadbytes>
        
</payload>
    
</urb>
    
<urb sequence="12">
        
<function>BULK_OR_INTERRUPT_TRANSFER</function>
        
<timestamp>9397</timestamp>
        
<endpoint>1</endpoint>
        
<packetcount>1</packetcount>
        
<payload packet="0">
            
<payloadcount>64</payloadcount>
            
<payloadbytes>a0001875adadadadadadadadadadadadadadadadadadadadadadadadadadadadadadadadadadadadadadadadadadadadadadadadadadadadadadadadadadadad</payloadbytes>
        
</payload>
    
</urb>
    
<urb sequence="12">
        
<function>BULK_OR_INTERRUPT_TRANSFER</function>
        
<timestamp>9397</timestamp>
        
<endpoint>1</endpoint>
        
<packetcount>1</packetcount>
        
<payload packet="0">
            
<payloadcount>64</payloadcount>
            
<payloadbytes></payloadbytes>
        
</payload>
    
</urb>
    
<urb sequence="13">
        
<function>GET_DESCRIPTOR_FROM_DEVICE</function>
        
<timestamp>9475</timestamp>
        
<endpoint>-1</endpoint>
    
</urb>
    
<urb sequence="13">
        
<function>CONTROL_TRANSFER</function>
        
<timestamp>9475</timestamp>
        
<endpoint>-1</endpoint>
        
<packetcount>1</packetcount>
        
<payload packet="0">
            
<payloadcount>4</payloadcount>
            
<payloadbytes>04030904</payloadbytes>
        
</payload>
    
</urb>
    
<urb sequence="14">
        
<function>GET_DESCRIPTOR_FROM_DEVICE</function>
        
<timestamp>9490</timestamp>
        
<endpoint>-1</endpoint>
    
</urb>
    
<urb sequence="14">
        
<function>CONTROL_TRANSFER</function>
        
<timestamp>9490</timestamp>
        
<endpoint>-1</endpoint>
        
<packetcount>1</packetcount>
        
<payload packet="0">
            
<payloadcount>4</payloadcount>
            
<payloadbytes>04030904</payloadbytes>
        
</payload>
    
</urb>
    
<urb sequence="15">
        
<function>BULK_OR_INTERRUPT_TRANSFER</function>
        
<timestamp>9490</timestamp>
        
<endpoint>1</endpoint>
        
<packetcount>1</packetcount>
        
<payload packet="0">
            
<payloadcount>64</payloadcount>
            
<payloadbytes>76adadadadadadadadadadadadadadadadadadadadadadadadadadadadadadadadadadadadadadadadadadadadadadadadadadadadadadadadadadadadadadad</payloadbytes>
        
</payload>
    
</urb>
    
<urb sequence="15">
        
<function>BULK_OR_INTERRUPT_TRANSFER</function>
        
<timestamp>9490</timestamp>
        
<endpoint>1</endpoint>
        
<packetcount>1</packetcount>
        
<payload packet="0">
            
<payloadcount>64</payloadcount>
            
<payloadbytes></payloadbytes>
        
</payload>
    
</urb>
    
<urb sequence="8">
        
<function>BULK_OR_INTERRUPT_TRANSFER</function>
        
<timestamp>9490</timestamp>
        
<endpoint>129</endpoint>
        
<packetcount>1</packetcount>
        
<payload packet="0">
            
<payloadcount>64</payloadcount>
            
<payloadbytes>022000fffefffefffefffefffefffefffefffefffefffefffefffefffefffefffefffefffefffefffefffefffefffefffefffefffefffefffefffefffefffeff</payloadbytes>
        
</payload>
    
</urb>
    
<urb sequence="16">
        
<function>BULK_OR_INTERRUPT_TRANSFER</function>
        
<timestamp>9490</timestamp>
        
<endpoint>129</endpoint>
        
<packetcount>1</packetcount>
        
<payload packet="0">
            
<payloadcount>64</payloadcount>
            
<payloadbytes></payloadbytes>
        
</payload>
    
</urb>
    
<urb sequence="17">
        
<function>BULK_OR_INTERRUPT_TRANSFER</function>
        
<timestamp>9506</timestamp>
        
<endpoint>1</endpoint>
        
<packetcount>1</packetcount>
        
<payload packet="0">
            
<payloadcount>64</payloadcount>
            
<payloadbytes>b4a7a9adadadadadadadadadadadadadadadadadadadadadadadadadadadadadadadadadadadadadadadadadadadadadadadadadadadadadadadadadadadadad</payloadbytes>
        
</payload>
    
</urb>
    
<urb sequence="17">
        
<function>BULK_OR_INTERRUPT_TRANSFER</function>
        
<timestamp>9506</timestamp>
        
<endpoint>1</endpoint>
        
<packetcount>1</packetcount>
        
<payload packet="0">
            
<payloadcount>64</payloadcount>
            
<payloadbytes></payloadbytes>
        
</payload>
    
</urb>
    
<urb sequence="18">
        
<function>BULK_OR_INTERRUPT_TRANSFER</function>
        
<timestamp>9506</timestamp>
        
<endpoint>1</endpoint>
        
<packetcount>1</packetcount>
        
<payload packet="0">
            
<payloadcount>64</payloadcount>
            
<payloadbytes>a602fefdadadadadadadadadadadadadadadadadadadadadadadadadadadadadadadadadadadadadadadadadadadadadadadadadadadadadadadadadadadadad</payloadbytes>
        
</payload>
    
</urb>
    
<urb sequence="18">
        
<function>BULK_OR_INTERRUPT_TRANSFER</function>
        
<timestamp>9506</timestamp>
        
<endpoint>1</endpoint>
        
<packetcount>1</packetcount>
        
<payload packet="0">
            
<payloadcount>64</payloadcount>
            
<payloadbytes></payloadbytes>
        
</payload>
    
</urb>
    
<urb sequence="19">
        
<function>BULK_OR_INTERRUPT_TRANSFER</function>
        
<timestamp>9506</timestamp>
        
<endpoint>1</endpoint>
        
<packetcount>1</packetcount>
        
<payload packet="0">
            
<payloadcount>64</payloadcount>
            
<payloadbytes>a0001d8fadadadadadadadadadadadadadadadadadadadadadadadadadadadadadadadadadadadadadadadadadadadadadadadadadadadadadadadadadadadad</payloadbytes>
        
</payload>
    
</urb>
    
<urb sequence="19">
        
<function>BULK_OR_INTERRUPT_TRANSFER</function>
        
<timestamp>9506</timestamp>
        
<endpoint>1</endpoint>
        
<packetcount>1</packetcount>
        
<payload packet="0">
            
<payloadcount>64</payloadcount>
            
<payloadbytes></payloadbytes>
        
</payload>
    
</urb>
    
<urb sequence="20">
        
<function>BULK_OR_INTERRUPT_TRANSFER</function>
        
<timestamp>9521</timestamp>
        
<endpoint>1</endpoint>
        
<packetcount>1</packetcount>
        
<payload packet="0">
            
<payloadcount>64</payloadcount>
            
<payloadbytes>a602ea00adadadadadadadadadadadadadadadadadadadadadadadadadadadadadadadadadadadadadadadadadadadadadadadadadadadadadadadadadadadad</payloadbytes>
        
</payload>
    
</urb>
    
<urb sequence="20">
        
<function>BULK_OR_INTERRUPT_TRANSFER</function>
        
<timestamp>9521</timestamp>
        
<endpoint>1</endpoint>
        
<packetcount>1</packetcount>
        
<payload packet="0">
            
<payloadcount>64</payloadcount>
            
<payloadbytes></payloadbytes>
        
</payload>
    
</urb>
    
<urb sequence="21">
        
<function>BULK_OR_INTERRUPT_TRANSFER</function>
        
<timestamp>9521</timestamp>
        
<endpoint>1</endpoint>
        
<packetcount>1</packetcount>
        
<payload packet="0">
            
<payloadcount>64</payloadcount>
            
<payloadbytes>a3adadadadadadadadadadadadadadadadadadadadadadadadadadadadadadadadadadadadadadadadadadadadadadadadadadadadadadadadadadadadadadad</payloadbytes>
        
</payload>
    
</urb>
    
<urb sequence="21">
        
<function>BULK_OR_INTERRUPT_TRANSFER</function>
        
<timestamp>9521</timestamp>
        
<endpoint>1</endpoint>
        
<packetcount>1</packetcount>
        
<payload packet="0">
            
<payloadcount>64</payloadcount>
            
<payloadbytes></payloadbytes>
        
</payload>
    
</urb>
    
<urb sequence="11">
        
<function>BULK_OR_INTERRUPT_TRANSFER</function>
        
<timestamp>9521</timestamp>
        
<endpoint>129</endpoint>
        
<packetcount>1</packetcount>
        
<payload packet="0">
            
<payloadcount>64</payloadcount>
            
<payloadbytes>0000403bfefffefffefffefffefffefffefffefffefffefffefffefffefffefffefffefffefffefffefffefffefffefffefffefffefffefffefffefffefffeff</payloadbytes>
        
</payload>
    
</urb>
    
<urb sequence="22">
        
<function>BULK_OR_INTERRUPT_TRANSFER</function>
        
<timestamp>9521</timestamp>
        
<endpoint>129</endpoint>
        
<packetcount>1</packetcount>
        
<payload packet="0">
            
<payloadcount>64</payloadcount>
            
<payloadbytes></payloadbytes>
        
</payload>
    
</urb>
    
<urb sequence="23">
        
<function>GET_DESCRIPTOR_FROM_DEVICE</function>
        
<timestamp>9537</timestamp>
        
<endpoint>-1</endpoint>
    
</urb>
    
<urb sequence="23">
        
<function>CONTROL_TRANSFER</function>
        
<timestamp>9537</timestamp>
        
<endpoint>-1</endpoint>
        
<packetcount>1</packetcount>
        
<payload packet="0">
            
<payloadcount>4</payloadcount>
            
<payloadbytes>04030904</payloadbytes>
        
</payload>
    
</urb>
    
<urb sequence="24">
        
<function>BULK_OR_INTERRUPT_TRANSFER</function>
        
<timestamp>9537</timestamp>
        
<endpoint>1</endpoint>
        
<packetcount>1</packetcount>
        
<payload packet="0">
            
<payloadcount>64</payloadcount>
            
<payloadbytes>76adadadadadadadadadadadadadadadadadadadadadadadadadadadadadadadadadadadadadadadadadadadadadadadadadadadadadadadadadadadadadadad</payloadbytes>
        
</payload>
    
</urb>
    
<urb sequence="24">
        
<function>BULK_OR_INTERRUPT_TRANSFER</function>
        
<timestamp>9537</timestamp>
        
<endpoint>1</endpoint>
        
<packetcount>1</packetcount>
        
<payload packet="0">
            
<payloadcount>64</payloadcount>
            
<payloadbytes></payloadbytes>
        
</payload>
    
</urb>
    
<urb sequence="16">
        
<function>BULK_OR_INTERRUPT_TRANSFER</function>
        
<timestamp>9537</timestamp>
        
<endpoint>129</endpoint>
        
<packetcount>1</packetcount>
        
<payload packet="0">
            
<payloadcount>64</payloadcount>
            
<payloadbytes>0220003bfefffefffefffefffefffefffefffefffefffefffefffefffefffefffefffefffefffefffefffefffefffefffefffefffefffefffefffefffefffeff</payloadbytes>
        
</payload>
    
</urb>
    
<urb sequence="25">
        
<function>BULK_OR_INTERRUPT_TRANSFER</function>
        
<timestamp>9537</timestamp>
        
<endpoint>129</endpoint>
        
<packetcount>1</packetcount>
        
<payload packet="0">
            
<payloadcount>64</payloadcount>
            
<payloadbytes></payloadbytes>
        
</payload>
    
</urb>
    
<urb sequence="26">
        
<function>BULK_OR_INTERRUPT_TRANSFER</function>
        
<timestamp>9537</timestamp>
        
<endpoint>1</endpoint>
        
<packetcount>1</packetcount>
        
<payload packet="0">
            
<payloadcount>64</payloadcount>
            
<payloadbytes>a0802ad2adadadadadadadadadadadadadadadadadadadadadadadadadadadadadadadadadadadadadadadadadadadadadadadadadadadadadadadadadadadad</payloadbytes>
        
</payload>
    
</urb>
    
<urb sequence="26">
        
<function>BULK_OR_INTERRUPT_TRANSFER</function>
        
<timestamp>9537</timestamp>
        
<endpoint>1</endpoint>
        
<packetcount>1</packetcount>
        
<payload packet="0">
            
<payloadcount>64</payloadcount>
            
<payloadbytes></payloadbytes>
        
</payload>
    
</urb>
    
<urb sequence="27">
        
<function>GET_DESCRIPTOR_FROM_DEVICE</function>
        
<timestamp>9537</timestamp>
        
<endpoint>-1</endpoint>
    
</urb>
    
<urb sequence="27">
        
<function>CONTROL_TRANSFER</function>
        
<timestamp>9553</timestamp>
        
<endpoint>-1</endpoint>
        
<packetcount>1</packetcount>
        
<payload packet="0">
            
<payloadcount>4</payloadcount>
            
<payloadbytes>04030904</payloadbytes>
        
</payload>
    
</urb>
    
<urb sequence="28">
        
<function>BULK_OR_INTERRUPT_TRANSFER</function>
        
<timestamp>9553</timestamp>
        
<endpoint>1</endpoint>
        
<packetcount>1</packetcount>
        
<payload packet="0">
            
<payloadcount>64</payloadcount>
            
<payloadbytes>76adadadadadadadadadadadadadadadadadadadadadadadadadadadadadadadadadadadadadadadadadadadadadadadadadadadadadadadadadadadadadadad</payloadbytes>
        
</payload>
    
</urb>
    
<urb sequence="28">
        
<function>BULK_OR_INTERRUPT_TRANSFER</function>
        
<timestamp>9553</timestamp>
        
<endpoint>1</endpoint>
        
<packetcount>1</packetcount>
        
<payload packet="0">
            
<payloadcount>64</payloadcount>
            
<payloadbytes></payloadbytes>
        
</payload>
    
</urb>
    
<urb sequence="22">
        
<function>BULK_OR_INTERRUPT_TRANSFER</function>
        
<timestamp>9553</timestamp>
        
<endpoint>129</endpoint>
        
<packetcount>1</packetcount>
        
<payload packet="0">
            
<payloadcount>64</payloadcount>
            
<payloadbytes>0220003bfefffefffefffefffefffefffefffefffefffefffefffefffefffefffefffefffefffefffefffefffefffefffefffefffefffefffefffefffefffeff</payloadbytes>
        
</payload>
    
</urb>
    
<urb sequence="29">
        
<function>BULK_OR_INTERRUPT_TRANSFER</function>
        
<timestamp>9553</timestamp>
        
<endpoint>129</endpoint>
        
<packetcount>1</packetcount>
        
<payload packet="0">
            
<payloadcount>64</payloadcount>
            
<payloadbytes></payloadbytes>
        
</payload>
    
</urb>
    
<urb sequence="30">
        
<function>BULK_OR_INTERRUPT_TRANSFER</function>
        
<timestamp>9553</timestamp>
        
<endpoint>1</endpoint>
        
<packetcount>1</packetcount>
        
<payload packet="0">
            
<payloadcount>64</payloadcount>
            
<payloadbytes>a0001d8fadadadadadadadadadadadadadadadadadadadadadadadadadadadadadadadadadadadadadadadadadadadadadadadadadadadadadadadadadadadad</payloadbytes>
        
</payload>
    
</urb>
    
<urb sequence="30">
        
<function>BULK_OR_INTERRUPT_TRANSFER</function>
        
<timestamp>9553</timestamp>
        
<endpoint>1</endpoint>
        
<packetcount>1</packetcount>
        
<payload packet="0">
            
<payloadcount>64</payloadcount>
            
<payloadbytes></payloadbytes>
        
</payload>
    
</urb>
    
<urb sequence="31">
        
<function>BULK_OR_INTERRUPT_TRANSFER</function>
        
<timestamp>9553</timestamp>
        
<endpoint>1</endpoint>
        
<packetcount>1</packetcount>
        
<payload packet="0">
            
<payloadcount>64</payloadcount>
            
<payloadbytes>a0001d8fadadadadadadadadadadadadadadadadadadadadadadadadadadadadadadadadadadadadadadadadadadadadadadadadadadadadadadadadadadadad</payloadbytes>
        
</payload>
    
</urb>
    
<urb sequence="31">
        
<function>BULK_OR_INTERRUPT_TRANSFER</function>
        
<timestamp>9553</timestamp>
        
<endpoint>1</endpoint>
        
<packetcount>1</packetcount>
        
<payload packet="0">
            
<payloadcount>64</payloadcount>
            
<payloadbytes></payloadbytes>
        
</payload>
    
</urb>
    
<urb sequence="32">
        
<function>BULK_OR_INTERRUPT_TRANSFER</function>
        
<timestamp>9662</timestamp>
        
<endpoint>1</endpoint>
        
<packetcount>1</packetcount>
        
<payload packet="0">
            
<payloadcount>64</payloadcount>
            
<payloadbytes>a2adadadadadadadadadadadadadadadadadadadadadadadadadadadadadadadadadadadadadadadadadadadadadadadadadadadadadadadadadadadadadadad</payloadbytes>
        
</payload>
    
</urb>
    
<urb sequence="32">
        
<function>BULK_OR_INTERRUPT_TRANSFER</function>
        
<timestamp>9662</timestamp>
        
<endpoint>1</endpoint>
        
<packetcount>1</packetcount>
        
<payload packet="0">
            
<payloadcount>64</payloadcount>
            
<payloadbytes></payloadbytes>
        
</payload>
    
</urb>
    
<urb sequence="25">
        
<function>BULK_OR_INTERRUPT_TRANSFER</function>
        
<timestamp>9662</timestamp>
        
<endpoint>129</endpoint>
        
<packetcount>1</packetcount>
        
<payload packet="0">
            
<payloadcount>64</payloadcount>
            
<payloadbytes>0100003bfefffefffefffefffefffefffefffefffefffefffefffefffefffefffefffefffefffefffefffefffefffefffefffefffefffefffefffefffefffeff</payloadbytes>
        
</payload>
    
</urb>
    
<urb sequence="33">
        
<function>BULK_OR_INTERRUPT_TRANSFER</function>
        
<timestamp>9662</timestamp>
        
<endpoint>129</endpoint>
        
<packetcount>1</packetcount>
        
<payload packet="0">
            
<payloadcount>64</payloadcount>
            
<payloadbytes></payloadbytes>
        
</payload>
    
</urb>

</snoopyprolog>
